<?xml version="1.0" encoding="UTF-8"?>
<testsuite name="JUnit Vintage" tests="6" skipped="0" failures="0" errors="1" time="0.046" hostname="abca5fcf31a2" timestamp="2017-02-08T02:10:19">
<properties>
[...]
</properties>
<testcase name="testMainCall()" classname="test.java.com.app.AppTest" time="0.002">
<system-out><![CDATA[
unique-id: [engine:junit-vintage]/[runner:test.java.com.app.AppTest]/[test:testMainCall(test.java.com.app.AppTest)]
display-name: testMainCall
]]></system-out>
</testcase>
<testcase name="testSqrt()" classname="test.java.com.app.AlgsTest" time="0.001">
<system-out><![CDATA[
unique-id: [engine:junit-vintage]/[runner:test.java.com.app.AlgsTest]/[test:testSqrt(test.java.com.app.AlgsTest)]
display-name: testSqrt
]]></system-out>
</testcase>
<testcase name="testAverage()" classname="test.java.com.app.AlgsTest" time="0.007">
<system-out><![CDATA[
unique-id: [engine:junit-vintage]/[runner:test.java.com.app.AlgsTest]/[test:testAverage(test.java.com.app.AlgsTest)]
display-name: testAverage
]]></system-out>
</testcase>
<testcase name="testBinarySearch()" classname="test.java.com.app.AlgsTest" time="0.001">
<system-out><![CDATA[
unique-id: [engine:junit-vintage]/[runner:test.java.com.app.AlgsTest]/[test:testBinarySearch(test.java.com.app.AlgsTest)]
display-name: testBinarySearch
]]></system-out>
</testcase>
<testcase name="test()" classname="test.java.com.app.FindTest" time="0.006">
<error type="java.util.NoSuchElementException"><![CDATA[java.util.NoSuchElementException
	at java.util.Scanner.throwFor(Scanner.java:862)
	at java.util.Scanner.next(Scanner.java:1485)
	at java.util.Scanner.nextInt(Scanner.java:2117)
	at java.util.Scanner.nextInt(Scanner.java:2076)
	at edu.princeton.cs.algs4.StdIn.readInt(StdIn.java:331)
	at main.java.com.app.Find.main(Find.java:9)
	at test.java.com.app.FindTest.test(FindTest.java:12)
	at sun.reflect.NativeMethodAccessorImpl.invoke0(Native Method)
	at sun.reflect.NativeMethodAccessorImpl.invoke(NativeMethodAccessorImpl.java:62)
	at sun.reflect.DelegatingMethodAccessorImpl.invoke(DelegatingMethodAccessorImpl.java:43)
	at java.lang.reflect.Method.invoke(Method.java:498)
	at org.junit.runners.model.FrameworkMethod$1.runReflectiveCall(FrameworkMethod.java:50)
	at org.junit.internal.runners.model.ReflectiveCallable.run(ReflectiveCallable.java:12)
	at org.junit.runners.model.FrameworkMethod.invokeExplosively(FrameworkMethod.java:47)
	at org.junit.internal.runners.statements.InvokeMethod.evaluate(InvokeMethod.java:17)
	at org.junit.runners.ParentRunner.runLeaf(ParentRunner.java:325)
	at org.junit.runners.BlockJUnit4ClassRunner.runChild(BlockJUnit4ClassRunner.java:78)
	at org.junit.runners.BlockJUnit4ClassRunner.runChild(BlockJUnit4ClassRunner.java:57)
	at org.junit.runners.ParentRunner$3.run(ParentRunner.java:290)
	at org.junit.runners.ParentRunner$1.schedule(ParentRunner.java:71)
	at org.junit.runners.ParentRunner.runChildren(ParentRunner.java:288)
	at org.junit.runners.ParentRunner.access$000(ParentRunner.java:58)
	at org.junit.runners.ParentRunner$2.evaluate(ParentRunner.java:268)
	at org.junit.runners.ParentRunner.run(ParentRunner.java:363)
	at org.junit.runner.JUnitCore.run(JUnitCore.java:137)
	at org.junit.runner.JUnitCore.run(JUnitCore.java:115)
	at org.junit.vintage.engine.execution.RunnerExecutor.execute(RunnerExecutor.java:43)
	at java.util.stream.ForEachOps$ForEachOp$OfRef.accept(ForEachOps.java:184)
	at java.util.stream.ReferencePipeline$3$1.accept(ReferencePipeline.java:193)
	at java.util.Iterator.forEachRemaining(Iterator.java:116)
	at java.util.Spliterators$IteratorSpliterator.forEachRemaining(Spliterators.java:1801)
	at java.util.stream.AbstractPipeline.copyInto(AbstractPipeline.java:481)
	at java.util.stream.AbstractPipeline.wrapAndCopyInto(AbstractPipeline.java:471)
	at java.util.stream.ForEachOps$ForEachOp.evaluateSequential(ForEachOps.java:151)
	at java.util.stream.ForEachOps$ForEachOp$OfRef.evaluateSequential(ForEachOps.java:174)
	at java.util.stream.AbstractPipeline.evaluate(AbstractPipeline.java:234)
	at java.util.stream.ReferencePipeline.forEach(ReferencePipeline.java:418)
	at org.junit.vintage.engine.VintageTestEngine.executeAllChildren(VintageTestEngine.java:66)
	at org.junit.vintage.engine.VintageTestEngine.execute(VintageTestEngine.java:57)
	at org.junit.platform.launcher.core.DefaultLauncher.execute(DefaultLauncher.java:129)
	at org.junit.platform.launcher.core.DefaultLauncher.execute(DefaultLauncher.java:85)
	at org.junit.platform.console.tasks.ExecuteTestsTask.executeTests(ExecuteTestsTask.java:62)
	at org.junit.platform.console.tasks.ExecuteTestsTask.lambda$execute$0(ExecuteTestsTask.java:54)
	at org.junit.platform.console.tasks.CustomContextClassLoaderExecutor.invoke(CustomContextClassLoaderExecutor.java:33)
	at org.junit.platform.console.tasks.ExecuteTestsTask.execute(ExecuteTestsTask.java:54)
	at org.junit.platform.console.tasks.ConsoleTaskExecutor.executeTask(ConsoleTaskExecutor.java:38)
	at org.junit.platform.console.ConsoleLauncher.execute(ConsoleLauncher.java:54)
	at org.junit.platform.console.ConsoleLauncher.main(ConsoleLauncher.java:39)
]]></error>
<system-out><![CDATA[
unique-id: [engine:junit-vintage]/[runner:test.java.com.app.FindTest]/[test:test(test.java.com.app.FindTest)]
display-name: test
]]></system-out>
</testcase>
<testcase name="test()" classname="test.java.com.app.QuickFindUFTest" time="0.001">
<system-out><![CDATA[
unique-id: [engine:junit-vintage]/[runner:test.java.com.app.QuickFindUFTest]/[test:test(test.java.com.app.QuickFindUFTest)]
display-name: test
]]></system-out>
</testcase>
<system-out><![CDATA[
unique-id: [engine:junit-vintage]
display-name: JUnit Vintage
]]></system-out>
</testsuite>
